commit 5d83c14610a5a8fce1ccb0ee619e20b58fcf36ca
Author: Satyanarayana Dash <satya.d135@gmail.com>
Date:   Tue May 18 14:12:23 2021 +0530

    updated commit log#16

commit 48300c5d9e14334f7411a0dc638bd1766276b068
Author: Satyanarayana Dash <satya.d135@gmail.com>
Date:   Tue May 18 14:12:14 2021 +0530

    updated commit log#15

commit 27c0d9edf93fb77fd433cf91ca5d27f3660103e0
Author: Satyanarayana Dash <satya.d135@gmail.com>
Date:   Tue May 18 14:11:59 2021 +0530

    updated commit log#14

commit 42e58249b4ab19080280bc7aa8f9f53da30017eb
Author: Satyanarayana Dash <satya.d135@gmail.com>
Date:   Tue May 18 14:11:21 2021 +0530

    updated commit log @2.11pm

commit d13785b433285974716c6a23cb541bad9b11e2bd
Author: Satyanarayana Dash <satya.d135@gmail.com>
Date:   Tue May 18 14:10:37 2021 +0530

    updated commit log 2.10pm

commit 217b180e079c5629d32a67b6ca2801aaab78966f
Author: Satyanarayana Dash <satya.d135@gmail.com>
Date:   Tue May 18 14:09:04 2021 +0530

    updated commit log 2.08pm

commit cb69ea9291c4d57a69148d2c3fec440b93a87635
Author: Satyanarayana Dash <satya.d135@gmail.com>
Date:   Tue May 18 13:35:22 2021 +0530

    Updated commit log 1.35pm

commit 6dfd00d5d8690ceb9affdc47194c7cc758d2054d
Author: Satyanarayana Dash <satya.d135@gmail.com>
Date:   Tue May 18 13:33:50 2021 +0530

    clone github repo

commit 37b783b87cb374e84294c00535e7fc85d3aea21c
Author: Satyanarayana Dash <satya.d135@gmail.com>
Date:   Tue May 18 13:22:24 2021 +0530

    Updated commit log 1.22pm

commit fa9338742f277a316a1a6d49826e0ef8238c3ceb
Author: Satyanarayana Dash <satya.d135@gmail.com>
Date:   Tue May 18 13:21:12 2021 +0530

    added comment line spdemo

commit f9dbf0169fb794bc580ff937fdf688d02203daac
Author: Satyanarayana Dash <satya.d135@gmail.com>
Date:   Tue May 18 13:16:21 2021 +0530

    updated commit log 1.17pm

commit 28b929cce4f9e209dd866bcebe19cf15b2aaa683
Author: Satyanarayana Dash <satya.d135@gmail.com>
Date:   Tue May 18 13:14:52 2021 +0530

    subprocess demo

commit cebc461d78b10f9da582fd78f73c1532d744a044
Author: Satyanarayana Dash <satya.d135@gmail.com>
Date:   Tue May 18 12:54:05 2021 +0530

    4#Commit logs

commit 3ff9049267f82eea726e2c731fabaea4defb0a65
Author: Satyanarayana Dash <satya.d135@gmail.com>
Date:   Tue May 18 11:53:06 2021 +0530

    3#Commit logs

commit 58a3143b698b701112d49c52f500ad5cc64bd1ca
Author: Satyanarayana Dash <satya.d135@gmail.com>
Date:   Tue May 18 11:49:57 2021 +0530

    2nd Commit Logs

commit f608eb375f2c5500405b043fe03f6ef78e62a4d0
Author: Satyanarayana Dash <satya.d135@gmail.com>
Date:   Tue May 18 11:48:30 2021 +0530

    First commit log

commit 047a5158389183d96770f9e0f2163a23de9f1cb4
Author: Satyanarayana Dash <satya.d135@gmail.com>
Date:   Tue May 18 11:10:23 2021 +0530

    Repo Commit log
